[debug] [2023-10-30T15:31:17.837Z] ----------------------------------------------------------------------
[debug] [2023-10-30T15:31:17.840Z] Command:       C:\Program Files\nodejs\node.exe C:\Users\Gyanavi\AppData\Roaming\npm\node_modules\firebase-tools\lib\bin\firebase.js init
[debug] [2023-10-30T15:31:17.840Z] CLI Version:   12.7.0
[debug] [2023-10-30T15:31:17.841Z] Platform:      win32
[debug] [2023-10-30T15:31:17.841Z] Node Version:  v18.17.1
[debug] [2023-10-30T15:31:17.842Z] Time:          Mon Oct 30 2023 21:01:17 GMT+0530 (India Standard Time)
[debug] [2023-10-30T15:31:17.842Z] ----------------------------------------------------------------------
[debug] 
[debug] [2023-10-30T15:31:17.853Z] > command requires scopes: ["email","openid","https://www.googleapis.com/auth/cloudplatformprojects.readonly","https://www.googleapis.com/auth/firebase","https://www.googleapis.com/auth/cloud-platform"]
[debug] [2023-10-30T15:31:17.853Z] > authorizing via signed-in user (gydeshmukh147@gmail.com)
[info] 
     ######## #### ########  ######## ########     ###     ######  ########
     ##        ##  ##     ## ##       ##     ##  ##   ##  ##       ##
     ######    ##  ########  ######   ########  #########  ######  ######
     ##        ##  ##    ##  ##       ##     ## ##     ##       ## ##
     ##       #### ##     ## ######## ########  ##     ##  ######  ########

You're about to initialize a Firebase project in this directory:

  C:\Users\Gyanavi\Reactjs\LiveProject\live_project

[info] 
=== Project Setup
[info] 
[info] First, let's associate this project directory with a Firebase project.
[info] You can create multiple project aliases by running firebase use --add, 
[info] but for now we'll just set up a default project.
[info] 
[info] i  If you want to create a project in a Google Cloud organization or folder, please use "firebase projects:create" instead, and return to this command when you've created the project. 
